<?xml version="1.0" encoding="UTF-8"?>
<!-- Generated by org.testng.reporters.JUnitReportReporter -->
<testsuite hostname="DESKTOP-BCBBTQ1" failures="0" tests="1" name="test.verifyUserIsAbleToChecout" time="9.392" errors="0" timestamp="2023-04-27T15:44:51 IST" skipped="0">
  <testcase classname="test.verifyUserIsAbleToChecout" name="userIsAbleToCheckout" time="9.392"/>
  <system-out/>
</testsuite> <!-- test.verifyUserIsAbleToChecout -->
