<?xml version="1.0" encoding="UTF-8"?>
<!-- Generated by org.testng.reporters.JUnitReportReporter -->
<testsuite hostname="DESKTOP-BCBBTQ1" failures="0" tests="1" name="test.verifyUserIsAbleToClickOnMenuBar" time="21.293" errors="0" timestamp="2023-04-27T16:42:02 IST" skipped="0">
  <testcase classname="test.verifyUserIsAbleToClickOnMenuBar" name="userIsAbleToClickOnMenuBar" time="21.293"/>
  <system-out/>
</testsuite> <!-- test.verifyUserIsAbleToClickOnMenuBar -->
