<?xml version="1.0" encoding="UTF-8"?>
<!-- Generated by org.testng.reporters.JUnitReportReporter -->
<testsuite hostname="DESKTOP-BCBBTQ1" failures="0" tests="2" name="test.verifyCartTest" time="20.400" errors="0" timestamp="2023-04-27T14:11:03 IST" skipped="0">
  <testcase classname="test.verifyCartTest" name="verifyUserIsAbleToAddProductIntoCart" time="6.916"/>
  <system-out/>
  <testcase classname="test.verifyCartTest" name="verifyUserIsAbleToAddMultipleProducttocart" time="13.484"/>
  <system-out/>
</testsuite> <!-- test.verifyCartTest -->
